<?xml version="1.0" encoding="UTF-8"?>
<!-- Generated by org.testng.reporters.JUnitReportReporter -->
<testsuite hostname="AnushaChanna" failures="0" tests="2" name="airlines_project.Testcase14_SearchDomesRoundTF" time="37.599" errors="0" timestamp="2024-09-24T19:25:38 IST" skipped="1">
  <testcase classname="airlines_project.Testcase14_SearchDomesRoundTF" name="SearchDomesticTrip" time="23.370">
    <skipped/>
  </testcase> <!-- SearchDomesticTrip -->
  <system-out/>
  <testcase classname="airlines_project.Testcase14_SearchDomesRoundTF" name="SearchDomesticTrip" time="14.229"/>
  <system-out>
    <![CDATA[testcase is pass > report from Listeners]]>
  </system-out>
</testsuite> <!-- airlines_project.Testcase14_SearchDomesRoundTF -->
