<?xml version="1.0" encoding="UTF-8"?>
<!-- Generated by org.testng.reporters.JUnitReportReporter -->
<testsuite hostname="AnushaChanna" failures="0" tests="1" name="airlines_project.Airlines_BM_AM" time="2.640" errors="0" timestamp="2024-09-23T16:09:19 IST" skipped="0">
  <testcase classname="airlines_project.Airlines_BM_AM" name="logincredentials" time="2.640"/>
  <system-out/>
</testsuite> <!-- airlines_project.Airlines_BM_AM -->
