<?xml version="1.0" encoding="UTF-8"?>
<!-- Generated by org.testng.reporters.JUnitReportReporter -->
<testsuite hostname="AnushaChanna" failures="0" tests="2" name="airlines_project.Testcase8_SeatSelection" time="58.934" errors="0" timestamp="2024-09-24T19:25:38 IST" skipped="1">
  <testcase classname="airlines_project.Testcase8_SeatSelection" name="SeatSelection" time="24.728">
    <skipped/>
  </testcase> <!-- SeatSelection -->
  <system-out/>
  <testcase classname="airlines_project.Testcase8_SeatSelection" name="SeatSelection" time="34.206"/>
  <system-out>
    <![CDATA[testcase is pass > report from Listeners]]>
  </system-out>
</testsuite> <!-- airlines_project.Testcase8_SeatSelection -->
