<?xml version="1.0" encoding="UTF-8"?>
<!-- Generated by org.testng.reporters.JUnitReportReporter -->
<testsuite hostname="AnushaChanna" failures="0" tests="1" name="Utility_Airlines.DDT_Airlines" time="1.220" errors="0" timestamp="2024-09-23T21:02:58 IST" skipped="0">
  <testcase classname="Utility_Airlines.DDT_Airlines" name="logincredentials" time="1.220"/>
  <system-out/>
</testsuite> <!-- Utility_Airlines.DDT_Airlines -->
