<?xml version="1.0" encoding="UTF-8"?>
<!-- Generated by org.testng.reporters.JUnitReportReporter -->
<testsuite hostname="AnushaChanna" failures="0" tests="1" name="airlines_project.Testcase2_ValidLogin" time="42.841" errors="0" timestamp="2024-09-24T19:25:38 IST" skipped="0">
  <testcase classname="airlines_project.Testcase2_ValidLogin" name="validlogin" time="42.841"/>
  <system-out>
    <![CDATA[testcase is pass > report from Listeners]]>
  </system-out>
</testsuite> <!-- airlines_project.Testcase2_ValidLogin -->
