<?xml version="1.0" encoding="UTF-8"?>
<!-- Generated by org.testng.reporters.JUnitReportReporter -->
<testsuite hostname="AnushaChanna" failures="0" tests="2" name="airlines_project.Testcase9_MulPassSingleBooking" time="57.221" errors="0" timestamp="2024-09-24T19:40:28 IST" skipped="1">
  <testcase classname="airlines_project.Testcase9_MulPassSingleBooking" name="MulPassSingleBooking" time="29.751">
    <system-out>
      <![CDATA[testcase is pass > report from Listeners]]>
    </system-out>
  </testcase> <!-- MulPassSingleBooking -->
  <testcase classname="airlines_project.Testcase9_MulPassSingleBooking" name="MulPassSingleBooking" time="27.470">
    <skipped/>
  </testcase> <!-- MulPassSingleBooking -->
  <system-out>
    <![CDATA[testcase is pass > report from Listeners
testcase is pass > report from Listeners
testcase is pass > report from Listeners
testcase is pass > report from Listeners
testcase is pass > report from Listeners
testcase is pass > report from Listeners
testcase is pass > report from Listeners
testcase is pass > report from Listeners
testcase is pass > report from Listeners]]>
  </system-out>
</testsuite> <!-- airlines_project.Testcase9_MulPassSingleBooking -->
