<?xml version="1.0" encoding="UTF-8"?>
<!-- Generated by org.testng.reporters.JUnitReportReporter -->
<testsuite hostname="AnushaChanna" failures="0" tests="1" name="airlines_project.Testcase4_SearchOneWayF" time="14.658" errors="0" timestamp="2024-09-24T19:40:27 IST" skipped="0">
  <testcase classname="airlines_project.Testcase4_SearchOneWayF" name="OneWayTrip" time="14.658">
    <system-out>
      <![CDATA[testcase is pass > report from Listeners]]>
    </system-out>
  </testcase> <!-- OneWayTrip -->
  <system-out>
    <![CDATA[testcase is pass > report from Listeners
testcase is pass > report from Listeners
testcase is pass > report from Listeners
testcase is pass > report from Listeners
testcase is pass > report from Listeners
testcase is pass > report from Listeners
testcase is pass > report from Listeners
testcase is pass > report from Listeners
testcase is pass > report from Listeners]]>
  </system-out>
</testsuite> <!-- airlines_project.Testcase4_SearchOneWayF -->
