<?xml version="1.0" encoding="UTF-8"?>
<!-- Generated by org.testng.reporters.JUnitReportReporter -->
<testsuite hostname="AnushaChanna" failures="0" tests="1" name="airlines_project.Testcase6_ValidateSearchdiffClasses" time="21.795" errors="0" timestamp="2024-09-24T19:40:28 IST" skipped="0">
  <testcase classname="airlines_project.Testcase6_ValidateSearchdiffClasses" name="DiffEconomies" time="21.795">
    <system-out>
      <![CDATA[testcase is pass > report from Listeners]]>
    </system-out>
  </testcase> <!-- DiffEconomies -->
  <system-out>
    <![CDATA[testcase is pass > report from Listeners
testcase is pass > report from Listeners
testcase is pass > report from Listeners
testcase is pass > report from Listeners
testcase is pass > report from Listeners
testcase is pass > report from Listeners
testcase is pass > report from Listeners
testcase is pass > report from Listeners
testcase is pass > report from Listeners]]>
  </system-out>
</testsuite> <!-- airlines_project.Testcase6_ValidateSearchdiffClasses -->
