<?xml version="1.0" encoding="UTF-8"?>
<!-- Generated by org.testng.reporters.JUnitReportReporter -->
<testsuite hostname="AnushaChanna" failures="0" tests="1" name="airlines_project.Testcase12_LoginSearchLogout" time="19.387" errors="0" timestamp="2024-09-24T19:40:27 IST" skipped="0">
  <testcase classname="airlines_project.Testcase12_LoginSearchLogout" name="LoginSearchLogout" time="19.387">
    <system-out>
      <![CDATA[testcase is pass > report from Listeners]]>
    </system-out>
  </testcase> <!-- LoginSearchLogout -->
  <system-out>
    <![CDATA[testcase is pass > report from Listeners
testcase is pass > report from Listeners
testcase is pass > report from Listeners
testcase is pass > report from Listeners
testcase is pass > report from Listeners
testcase is pass > report from Listeners
testcase is pass > report from Listeners
testcase is pass > report from Listeners
testcase is pass > report from Listeners]]>
  </system-out>
</testsuite> <!-- airlines_project.Testcase12_LoginSearchLogout -->
